<?xml version="1.0" encoding="utf-8"?><testsuites><testsuite name="pytest" errors="0" failures="0" skipped="0" tests="106" time="163.710" timestamp="2024-08-14T16:19:12.543960" hostname="fv-az847-270"><testcase classname="tests.abox.csv_empty_rows.test_parser" name="test_csv_nan_vals" time="1.254" /><testcase classname="tests.abox.csv_empty_rows.test_pipeline" name="test_csv_na_values_pipeline" time="0.057" /><testcase classname="tests.abox.csv_pipeline_test.test_parser" name="test_csv_parser_bad_mapping" time="8.645" /><testcase classname="tests.abox.csv_pipeline_test.test_parser" name="test_csv_parser_no_match_in_mapping" time="2.905" /><testcase classname="tests.abox.csv_pipeline_test.test_parser" name="test_csv_parser_config[config0]" time="2.927" /><testcase classname="tests.abox.csv_pipeline_test.test_parser" name="test_csv_parser_config[config1]" time="2.928" /><testcase classname="tests.abox.csv_pipeline_test.test_parser" name="test_parser_csv[xlsx]" time="2.999" /><testcase classname="tests.abox.csv_pipeline_test.test_parser" name="test_parser_csv[json]" time="2.968" /><testcase classname="tests.abox.csv_pipeline_test.test_parser" name="test_parser_csv[csv]" time="2.907" /><testcase classname="tests.abox.csv_pipeline_test.test_parser" name="test_parser_csv[dict]" time="2.919" /><testcase classname="tests.abox.csv_pipeline_test.test_parser" name="test_parser_csv_input[path]" time="2.912" /><testcase classname="tests.abox.csv_pipeline_test.test_parser" name="test_parser_csv_input[content]" time="2.919" /><testcase classname="tests.abox.csv_pipeline_test.test_pipeline" name="test_csv_pipeline_bad_mapping" time="2.937" /><testcase classname="tests.abox.csv_pipeline_test.test_pipeline" name="test_csv_pipeline_no_match_in_mapping" time="2.931" /><testcase classname="tests.abox.csv_pipeline_test.test_pipeline" name="test_csv_pipeline_config[config0]" time="2.950" /><testcase classname="tests.abox.csv_pipeline_test.test_pipeline" name="test_csv_pipeline_config[config1]" time="2.933" /><testcase classname="tests.abox.csv_pipeline_test.test_pipeline" name="test_csv_pipeline[xlsx]" time="2.938" /><testcase classname="tests.abox.csv_pipeline_test.test_pipeline" name="test_csv_pipeline[json]" time="2.932" /><testcase classname="tests.abox.csv_pipeline_test.test_pipeline" name="test_csv_pipeline[csv]" time="2.922" /><testcase classname="tests.abox.csv_pipeline_test.test_pipeline" name="test_csv_pipeline[dict]" time="2.908" /><testcase classname="tests.abox.csv_pipeline_test.test_pipeline" name="test_csv_pipeline_inputs[path]" time="2.909" /><testcase classname="tests.abox.csv_pipeline_test.test_pipeline" name="test_csv_pipeline_inputs[content]" time="3.029" /><testcase classname="tests.abox.csv_without_header.test_parser" name="test_csv_wo_header_parser_config" time="0.020" /><testcase classname="tests.abox.csv_without_header.test_pipeline" name="test_csv_wo_header_pipeline" time="0.037" /><testcase classname="tests.abox.dict_custom_properties.test_pipeline" name="test_pipeline_dict_custom_properties" time="0.034" /><testcase classname="tests.abox.json_pipeline_test.test_parser" name="test_parser_json[dict-str]" time="0.678" /><testcase classname="tests.abox.json_pipeline_test.test_parser" name="test_parser_json[str-str]" time="0.677" /><testcase classname="tests.abox.json_pipeline_test.test_parser" name="test_parser_json[dict-dict]" time="0.681" /><testcase classname="tests.abox.json_pipeline_test.test_parser" name="test_parser_json[str-dict]" time="0.683" /><testcase classname="tests.abox.json_pipeline_test.test_parser" name="test_json_parser_different_mapping_files[xlsx]" time="0.704" /><testcase classname="tests.abox.json_pipeline_test.test_parser" name="test_json_parser_different_mapping_files[json]" time="0.683" /><testcase classname="tests.abox.json_pipeline_test.test_parser" name="test_json_parser_different_mapping_files[csv]" time="0.684" /><testcase classname="tests.abox.json_pipeline_test.test_parser" name="test_json_parser_different_mapping_files[dict]" time="0.680" /><testcase classname="tests.abox.json_pipeline_test.test_pipeline" name="test_pipeline_json[dict-str]" time="0.679" /><testcase classname="tests.abox.json_pipeline_test.test_pipeline" name="test_pipeline_json[str-str]" time="0.685" /><testcase classname="tests.abox.json_pipeline_test.test_pipeline" name="test_pipeline_json[dict-dict]" time="0.686" /><testcase classname="tests.abox.json_pipeline_test.test_pipeline" name="test_pipeline_json[str-dict]" time="0.684" /><testcase classname="tests.abox.json_pipeline_test.test_pipeline" name="test_json_pipeline_different_mapping_types[xlsx]" time="0.719" /><testcase classname="tests.abox.json_pipeline_test.test_pipeline" name="test_json_pipeline_different_mapping_types[json]" time="0.680" /><testcase classname="tests.abox.json_pipeline_test.test_pipeline" name="test_json_pipeline_different_mapping_types[csv]" time="0.686" /><testcase classname="tests.abox.json_pipeline_test.test_pipeline" name="test_json_pipeline_different_mapping_types[dict]" time="0.678" /><testcase classname="tests.abox.test_models" name="test_quantity_model[config0]" time="0.206" /><testcase classname="tests.abox.test_models" name="test_quantity_model[config1]" time="0.207" /><testcase classname="tests.abox.test_models" name="test_valued_quantity[mm]" time="0.218" /><testcase classname="tests.abox.test_models" name="test_valued_quantity[http://qudt.org/vocab/unit/MilliM]" time="0.005" /><testcase classname="tests.abox.test_models" name="test_bad_with_blank_space" time="0.206" /><testcase classname="tests.abox.xls_pipeline_test.test_parser" name="test_xlsx_parser_no_match_in_metadata_from_mapping" time="4.312" /><testcase classname="tests.abox.xls_pipeline_test.test_parser" name="test_xlsx_parser_no_match_in_timeseries_from_mapping" time="4.549" /><testcase classname="tests.abox.xls_pipeline_test.test_parser" name="test_csv_parser_config[config0]" time="4.731" /><testcase classname="tests.abox.xls_pipeline_test.test_parser" name="test_csv_parser_config[config1]" time="4.613" /><testcase classname="tests.abox.xls_pipeline_test.test_parser" name="test_parser_excel[xlsx]" time="4.614" /><testcase classname="tests.abox.xls_pipeline_test.test_parser" name="test_parser_excel[json]" time="4.582" /><testcase classname="tests.abox.xls_pipeline_test.test_parser" name="test_parser_excel[csv]" time="4.597" /><testcase classname="tests.abox.xls_pipeline_test.test_parser" name="test_parser_excel[dict]" time="4.718" /><testcase classname="tests.abox.xls_pipeline_test.test_parser" name="test_parser_excel_inputs[path]" time="4.637" /><testcase classname="tests.abox.xls_pipeline_test.test_parser" name="test_parser_excel_inputs[content]" time="4.745" /><testcase classname="tests.abox.xls_pipeline_test.test_pipeline" name="test_csv_pipeline_config[config0]" time="4.604" /><testcase classname="tests.abox.xls_pipeline_test.test_pipeline" name="test_csv_pipeline_config[config1]" time="4.731" /><testcase classname="tests.abox.xls_pipeline_test.test_pipeline" name="test_excel_pipeline[xlsx]" time="4.687" /><testcase classname="tests.abox.xls_pipeline_test.test_pipeline" name="test_excel_pipeline[json]" time="4.638" /><testcase classname="tests.abox.xls_pipeline_test.test_pipeline" name="test_excel_pipeline[csv]" time="4.632" /><testcase classname="tests.abox.xls_pipeline_test.test_pipeline" name="test_excel_pipeline[dict]" time="4.741" /><testcase classname="tests.abox.xls_pipeline_test.test_pipeline" name="test_excel_pipeline_inputs[path]" time="4.619" /><testcase classname="tests.abox.xls_pipeline_test.test_pipeline" name="test_excel_pipeline_inputs[content]" time="4.615" /><testcase classname="tests.tbox.csv_pipeline_test.test_parser" name="test_parser_csv_tbox[xlsx]" time="0.031" /><testcase classname="tests.tbox.csv_pipeline_test.test_parser" name="test_parser_csv_tbox[json]" time="0.019" /><testcase classname="tests.tbox.csv_pipeline_test.test_parser" name="test_parser_csv_tbox[csv]" time="0.022" /><testcase classname="tests.tbox.csv_pipeline_test.test_parser" name="test_parser_csv_tbox[dict]" time="0.019" /><testcase classname="tests.tbox.csv_pipeline_test.test_parser" name="test_parser_csv_inputs_tbox[path]" time="0.019" /><testcase classname="tests.tbox.csv_pipeline_test.test_parser" name="test_parser_csv_inputs_tbox[content]" time="0.019" /><testcase classname="tests.tbox.csv_pipeline_test.test_pipeline" name="test_csv_pipeline_tbox[xlsx]" time="0.030" /><testcase classname="tests.tbox.csv_pipeline_test.test_pipeline" name="test_csv_pipeline_tbox[json]" time="0.021" /><testcase classname="tests.tbox.csv_pipeline_test.test_pipeline" name="test_csv_pipeline_tbox[csv]" time="0.023" /><testcase classname="tests.tbox.csv_pipeline_test.test_pipeline" name="test_csv_pipeline_tbox[dict]" time="0.020" /><testcase classname="tests.tbox.csv_pipeline_test.test_pipeline" name="test_csv_pipeline_inputs_tbox[path]" time="0.021" /><testcase classname="tests.tbox.csv_pipeline_test.test_pipeline" name="test_csv_pipeline_inputs_tbox[content]" time="0.022" /><testcase classname="tests.tbox.json_pipeline_test.test_parser" name="test_parser_json_tbox[xlsx]" time="0.029" /><testcase classname="tests.tbox.json_pipeline_test.test_parser" name="test_parser_json_tbox[json]" time="0.019" /><testcase classname="tests.tbox.json_pipeline_test.test_parser" name="test_parser_json_tbox[csv]" time="0.021" /><testcase classname="tests.tbox.json_pipeline_test.test_parser" name="test_parser_json_tbox[dict]" time="0.020" /><testcase classname="tests.tbox.json_pipeline_test.test_parser" name="test_parser_json_inputs_tbox[path]" time="0.018" /><testcase classname="tests.tbox.json_pipeline_test.test_parser" name="test_parser_json_inputs_tbox[content]" time="0.018" /><testcase classname="tests.tbox.json_pipeline_test.test_pipeline" name="test_json_pipeline_tbox[xlsx]" time="0.029" /><testcase classname="tests.tbox.json_pipeline_test.test_pipeline" name="test_json_pipeline_tbox[json]" time="0.020" /><testcase classname="tests.tbox.json_pipeline_test.test_pipeline" name="test_json_pipeline_tbox[csv]" time="0.022" /><testcase classname="tests.tbox.json_pipeline_test.test_pipeline" name="test_json_pipeline_tbox[dict]" time="0.019" /><testcase classname="tests.tbox.json_pipeline_test.test_pipeline" name="test_json_pipeline_inputs_tbox[path]" time="0.019" /><testcase classname="tests.tbox.json_pipeline_test.test_pipeline" name="test_json_pipeline_inputs_tbox[content]" time="0.020" /><testcase classname="tests.tbox.xls_pipeline_test.test_parser" name="test_parser_excel_tbox[xlsx]" time="0.036" /><testcase classname="tests.tbox.xls_pipeline_test.test_parser" name="test_parser_excel_tbox[json]" time="0.026" /><testcase classname="tests.tbox.xls_pipeline_test.test_parser" name="test_parser_excel_tbox[csv]" time="0.029" /><testcase classname="tests.tbox.xls_pipeline_test.test_parser" name="test_parser_excel_tbox[dict]" time="0.026" /><testcase classname="tests.tbox.xls_pipeline_test.test_parser" name="test_parser_excel_inputs_tbox[path]" time="0.027" /><testcase classname="tests.tbox.xls_pipeline_test.test_parser" name="test_parser_excel_inputs_tbox[content]" time="0.027" /><testcase classname="tests.tbox.xls_pipeline_test.test_pipeline" name="test_excel_pipeline_tbox[xlsx]" time="0.036" /><testcase classname="tests.tbox.xls_pipeline_test.test_pipeline" name="test_excel_pipeline_tbox[json]" time="0.027" /><testcase classname="tests.tbox.xls_pipeline_test.test_pipeline" name="test_excel_pipeline_tbox[csv]" time="0.030" /><testcase classname="tests.tbox.xls_pipeline_test.test_pipeline" name="test_excel_pipeline_tbox[dict]" time="0.028" /><testcase classname="tests.tbox.xls_pipeline_test.test_pipeline" name="test_excel_pipeline_inputs_tbox[path]" time="0.028" /><testcase classname="tests.tbox.xls_pipeline_test.test_pipeline" name="test_excel_pipeline_inputs_tbox[content]" time="0.028" /><testcase classname="tests.test_utils" name="test_unit_retrieval[http://qudt.org/vocab/unit/PER-MilliM-mm-1]" time="0.202" /><testcase classname="tests.test_utils" name="test_unit_retrieval[http://qudt.org/vocab/unit/MegaPA-MPa]" time="0.202" /><testcase classname="tests.test_utils" name="test_unit_retrieval[http://qudt.org/vocab/unit/MilliM-PER-BAR-mm/bar]" time="0.201" /><testcase classname="tests.test_utils" name="test_unit_retrieval[http://qudt.org/vocab/unit/MilliM-PER-BAR-mm.bar-1]" time="0.201" /><testcase classname="tests.test_utils" name="test_unit_retrieval[http://qudt.org/vocab/unit/MilliM2-mm\xb2]" time="0.204" /><testcase classname="tests.test_utils" name="test_unit_retrieval[http://qudt.org/vocab/unit/DEG_C-\xb0C]" time="0.200" /></testsuite></testsuites>