<?xml version="1.0" encoding="utf-8"?><testsuites><testsuite name="pytest" errors="0" failures="0" skipped="0" tests="106" time="161.872" timestamp="2024-08-14T16:01:34.741879" hostname="fv-az1426-333"><testcase classname="tests.abox.csv_empty_rows.test_parser" name="test_csv_nan_vals" time="1.428" /><testcase classname="tests.abox.csv_empty_rows.test_pipeline" name="test_csv_na_values_pipeline" time="0.057" /><testcase classname="tests.abox.csv_pipeline_test.test_parser" name="test_csv_parser_bad_mapping" time="7.758" /><testcase classname="tests.abox.csv_pipeline_test.test_parser" name="test_csv_parser_no_match_in_mapping" time="2.882" /><testcase classname="tests.abox.csv_pipeline_test.test_parser" name="test_csv_parser_config[config0]" time="2.892" /><testcase classname="tests.abox.csv_pipeline_test.test_parser" name="test_csv_parser_config[config1]" time="2.911" /><testcase classname="tests.abox.csv_pipeline_test.test_parser" name="test_parser_csv[xlsx]" time="2.971" /><testcase classname="tests.abox.csv_pipeline_test.test_parser" name="test_parser_csv[json]" time="2.905" /><testcase classname="tests.abox.csv_pipeline_test.test_parser" name="test_parser_csv[csv]" time="2.886" /><testcase classname="tests.abox.csv_pipeline_test.test_parser" name="test_parser_csv[dict]" time="2.895" /><testcase classname="tests.abox.csv_pipeline_test.test_parser" name="test_parser_csv_input[path]" time="2.875" /><testcase classname="tests.abox.csv_pipeline_test.test_parser" name="test_parser_csv_input[content]" time="2.877" /><testcase classname="tests.abox.csv_pipeline_test.test_pipeline" name="test_csv_pipeline_bad_mapping" time="2.884" /><testcase classname="tests.abox.csv_pipeline_test.test_pipeline" name="test_csv_pipeline_no_match_in_mapping" time="2.890" /><testcase classname="tests.abox.csv_pipeline_test.test_pipeline" name="test_csv_pipeline_config[config0]" time="2.907" /><testcase classname="tests.abox.csv_pipeline_test.test_pipeline" name="test_csv_pipeline_config[config1]" time="2.926" /><testcase classname="tests.abox.csv_pipeline_test.test_pipeline" name="test_csv_pipeline[xlsx]" time="2.933" /><testcase classname="tests.abox.csv_pipeline_test.test_pipeline" name="test_csv_pipeline[json]" time="2.955" /><testcase classname="tests.abox.csv_pipeline_test.test_pipeline" name="test_csv_pipeline[csv]" time="2.906" /><testcase classname="tests.abox.csv_pipeline_test.test_pipeline" name="test_csv_pipeline[dict]" time="2.906" /><testcase classname="tests.abox.csv_pipeline_test.test_pipeline" name="test_csv_pipeline_inputs[path]" time="2.893" /><testcase classname="tests.abox.csv_pipeline_test.test_pipeline" name="test_csv_pipeline_inputs[content]" time="2.987" /><testcase classname="tests.abox.csv_without_header.test_parser" name="test_csv_wo_header_parser_config" time="0.020" /><testcase classname="tests.abox.csv_without_header.test_pipeline" name="test_csv_wo_header_pipeline" time="0.037" /><testcase classname="tests.abox.dict_custom_properties.test_pipeline" name="test_pipeline_dict_custom_properties" time="0.034" /><testcase classname="tests.abox.json_pipeline_test.test_parser" name="test_parser_json[dict-str]" time="0.673" /><testcase classname="tests.abox.json_pipeline_test.test_parser" name="test_parser_json[str-str]" time="0.670" /><testcase classname="tests.abox.json_pipeline_test.test_parser" name="test_parser_json[dict-dict]" time="0.669" /><testcase classname="tests.abox.json_pipeline_test.test_parser" name="test_parser_json[str-dict]" time="0.675" /><testcase classname="tests.abox.json_pipeline_test.test_parser" name="test_json_parser_different_mapping_files[xlsx]" time="0.696" /><testcase classname="tests.abox.json_pipeline_test.test_parser" name="test_json_parser_different_mapping_files[json]" time="0.671" /><testcase classname="tests.abox.json_pipeline_test.test_parser" name="test_json_parser_different_mapping_files[csv]" time="0.679" /><testcase classname="tests.abox.json_pipeline_test.test_parser" name="test_json_parser_different_mapping_files[dict]" time="0.676" /><testcase classname="tests.abox.json_pipeline_test.test_pipeline" name="test_pipeline_json[dict-str]" time="0.677" /><testcase classname="tests.abox.json_pipeline_test.test_pipeline" name="test_pipeline_json[str-str]" time="0.677" /><testcase classname="tests.abox.json_pipeline_test.test_pipeline" name="test_pipeline_json[dict-dict]" time="0.678" /><testcase classname="tests.abox.json_pipeline_test.test_pipeline" name="test_pipeline_json[str-dict]" time="0.670" /><testcase classname="tests.abox.json_pipeline_test.test_pipeline" name="test_json_pipeline_different_mapping_types[xlsx]" time="0.693" /><testcase classname="tests.abox.json_pipeline_test.test_pipeline" name="test_json_pipeline_different_mapping_types[json]" time="0.669" /><testcase classname="tests.abox.json_pipeline_test.test_pipeline" name="test_json_pipeline_different_mapping_types[csv]" time="0.673" /><testcase classname="tests.abox.json_pipeline_test.test_pipeline" name="test_json_pipeline_different_mapping_types[dict]" time="0.672" /><testcase classname="tests.abox.test_models" name="test_quantity_model[config0]" time="0.204" /><testcase classname="tests.abox.test_models" name="test_quantity_model[config1]" time="0.204" /><testcase classname="tests.abox.test_models" name="test_valued_quantity[mm]" time="0.202" /><testcase classname="tests.abox.test_models" name="test_valued_quantity[http://qudt.org/vocab/unit/MilliM]" time="0.005" /><testcase classname="tests.abox.test_models" name="test_bad_with_blank_space" time="0.202" /><testcase classname="tests.abox.xls_pipeline_test.test_parser" name="test_xlsx_parser_no_match_in_metadata_from_mapping" time="4.274" /><testcase classname="tests.abox.xls_pipeline_test.test_parser" name="test_xlsx_parser_no_match_in_timeseries_from_mapping" time="4.492" /><testcase classname="tests.abox.xls_pipeline_test.test_parser" name="test_csv_parser_config[config0]" time="4.672" /><testcase classname="tests.abox.xls_pipeline_test.test_parser" name="test_csv_parser_config[config1]" time="4.618" /><testcase classname="tests.abox.xls_pipeline_test.test_parser" name="test_parser_excel[xlsx]" time="4.555" /><testcase classname="tests.abox.xls_pipeline_test.test_parser" name="test_parser_excel[json]" time="4.567" /><testcase classname="tests.abox.xls_pipeline_test.test_parser" name="test_parser_excel[csv]" time="4.550" /><testcase classname="tests.abox.xls_pipeline_test.test_parser" name="test_parser_excel[dict]" time="4.693" /><testcase classname="tests.abox.xls_pipeline_test.test_parser" name="test_parser_excel_inputs[path]" time="4.549" /><testcase classname="tests.abox.xls_pipeline_test.test_parser" name="test_parser_excel_inputs[content]" time="4.667" /><testcase classname="tests.abox.xls_pipeline_test.test_pipeline" name="test_csv_pipeline_config[config0]" time="4.628" /><testcase classname="tests.abox.xls_pipeline_test.test_pipeline" name="test_csv_pipeline_config[config1]" time="4.830" /><testcase classname="tests.abox.xls_pipeline_test.test_pipeline" name="test_excel_pipeline[xlsx]" time="4.631" /><testcase classname="tests.abox.xls_pipeline_test.test_pipeline" name="test_excel_pipeline[json]" time="4.572" /><testcase classname="tests.abox.xls_pipeline_test.test_pipeline" name="test_excel_pipeline[csv]" time="4.565" /><testcase classname="tests.abox.xls_pipeline_test.test_pipeline" name="test_excel_pipeline[dict]" time="4.682" /><testcase classname="tests.abox.xls_pipeline_test.test_pipeline" name="test_excel_pipeline_inputs[path]" time="4.618" /><testcase classname="tests.abox.xls_pipeline_test.test_pipeline" name="test_excel_pipeline_inputs[content]" time="4.662" /><testcase classname="tests.tbox.csv_pipeline_test.test_parser" name="test_parser_csv_tbox[xlsx]" time="0.031" /><testcase classname="tests.tbox.csv_pipeline_test.test_parser" name="test_parser_csv_tbox[json]" time="0.019" /><testcase classname="tests.tbox.csv_pipeline_test.test_parser" name="test_parser_csv_tbox[csv]" time="0.022" /><testcase classname="tests.tbox.csv_pipeline_test.test_parser" name="test_parser_csv_tbox[dict]" time="0.019" /><testcase classname="tests.tbox.csv_pipeline_test.test_parser" name="test_parser_csv_inputs_tbox[path]" time="0.019" /><testcase classname="tests.tbox.csv_pipeline_test.test_parser" name="test_parser_csv_inputs_tbox[content]" time="0.019" /><testcase classname="tests.tbox.csv_pipeline_test.test_pipeline" name="test_csv_pipeline_tbox[xlsx]" time="0.030" /><testcase classname="tests.tbox.csv_pipeline_test.test_pipeline" name="test_csv_pipeline_tbox[json]" time="0.021" /><testcase classname="tests.tbox.csv_pipeline_test.test_pipeline" name="test_csv_pipeline_tbox[csv]" time="0.024" /><testcase classname="tests.tbox.csv_pipeline_test.test_pipeline" name="test_csv_pipeline_tbox[dict]" time="0.021" /><testcase classname="tests.tbox.csv_pipeline_test.test_pipeline" name="test_csv_pipeline_inputs_tbox[path]" time="0.021" /><testcase classname="tests.tbox.csv_pipeline_test.test_pipeline" name="test_csv_pipeline_inputs_tbox[content]" time="0.022" /><testcase classname="tests.tbox.json_pipeline_test.test_parser" name="test_parser_json_tbox[xlsx]" time="0.029" /><testcase classname="tests.tbox.json_pipeline_test.test_parser" name="test_parser_json_tbox[json]" time="0.019" /><testcase classname="tests.tbox.json_pipeline_test.test_parser" name="test_parser_json_tbox[csv]" time="0.021" /><testcase classname="tests.tbox.json_pipeline_test.test_parser" name="test_parser_json_tbox[dict]" time="0.019" /><testcase classname="tests.tbox.json_pipeline_test.test_parser" name="test_parser_json_inputs_tbox[path]" time="0.019" /><testcase classname="tests.tbox.json_pipeline_test.test_parser" name="test_parser_json_inputs_tbox[content]" time="0.019" /><testcase classname="tests.tbox.json_pipeline_test.test_pipeline" name="test_json_pipeline_tbox[xlsx]" time="0.030" /><testcase classname="tests.tbox.json_pipeline_test.test_pipeline" name="test_json_pipeline_tbox[json]" time="0.020" /><testcase classname="tests.tbox.json_pipeline_test.test_pipeline" name="test_json_pipeline_tbox[csv]" time="0.023" /><testcase classname="tests.tbox.json_pipeline_test.test_pipeline" name="test_json_pipeline_tbox[dict]" time="0.020" /><testcase classname="tests.tbox.json_pipeline_test.test_pipeline" name="test_json_pipeline_inputs_tbox[path]" time="0.020" /><testcase classname="tests.tbox.json_pipeline_test.test_pipeline" name="test_json_pipeline_inputs_tbox[content]" time="0.021" /><testcase classname="tests.tbox.xls_pipeline_test.test_parser" name="test_parser_excel_tbox[xlsx]" time="0.038" /><testcase classname="tests.tbox.xls_pipeline_test.test_parser" name="test_parser_excel_tbox[json]" time="0.027" /><testcase classname="tests.tbox.xls_pipeline_test.test_parser" name="test_parser_excel_tbox[csv]" time="0.030" /><testcase classname="tests.tbox.xls_pipeline_test.test_parser" name="test_parser_excel_tbox[dict]" time="0.027" /><testcase classname="tests.tbox.xls_pipeline_test.test_parser" name="test_parser_excel_inputs_tbox[path]" time="0.028" /><testcase classname="tests.tbox.xls_pipeline_test.test_parser" name="test_parser_excel_inputs_tbox[content]" time="0.029" /><testcase classname="tests.tbox.xls_pipeline_test.test_pipeline" name="test_excel_pipeline_tbox[xlsx]" time="0.038" /><testcase classname="tests.tbox.xls_pipeline_test.test_pipeline" name="test_excel_pipeline_tbox[json]" time="0.029" /><testcase classname="tests.tbox.xls_pipeline_test.test_pipeline" name="test_excel_pipeline_tbox[csv]" time="0.031" /><testcase classname="tests.tbox.xls_pipeline_test.test_pipeline" name="test_excel_pipeline_tbox[dict]" time="0.029" /><testcase classname="tests.tbox.xls_pipeline_test.test_pipeline" name="test_excel_pipeline_inputs_tbox[path]" time="0.029" /><testcase classname="tests.tbox.xls_pipeline_test.test_pipeline" name="test_excel_pipeline_inputs_tbox[content]" time="0.030" /><testcase classname="tests.test_utils" name="test_unit_retrieval[http://qudt.org/vocab/unit/PER-MilliM-mm-1]" time="0.203" /><testcase classname="tests.test_utils" name="test_unit_retrieval[http://qudt.org/vocab/unit/MegaPA-MPa]" time="0.205" /><testcase classname="tests.test_utils" name="test_unit_retrieval[http://qudt.org/vocab/unit/MilliM-PER-BAR-mm/bar]" time="0.202" /><testcase classname="tests.test_utils" name="test_unit_retrieval[http://qudt.org/vocab/unit/MilliM-PER-BAR-mm.bar-1]" time="0.204" /><testcase classname="tests.test_utils" name="test_unit_retrieval[http://qudt.org/vocab/unit/MilliM2-mm\xb2]" time="0.206" /><testcase classname="tests.test_utils" name="test_unit_retrieval[http://qudt.org/vocab/unit/DEG_C-\xb0C]" time="0.203" /></testsuite></testsuites>
